<?xml version="1.0" encoding="UTF-8"?>
<!-- Generated by org.testng.reporters.JUnitXMLReporter -->
<testsuite ignored="1" hostname="ESLLAP-3920" failures="0" tests="1" name="Default test" time="2.925" errors="0" timestamp="2023-02-10T10:24:59 IST">
  <testcase classname="rest_assured.GetRequest" name="getRequestExample2" time="2.777"/>
  <testcase classname="rest_assured.GetRequest" name="getRequestExample1" time="0.0">
    <ignored/>
  </testcase> <!-- getRequestExample1 -->
</testsuite> <!-- Default test -->
