<?xml version="1.0" encoding="UTF-8"?>
<testng-results ignored="1" total="2" passed="1" failed="0" skipped="0">
  <reporter-output>
  </reporter-output>
  <suite started-at="2023-02-10T10:24:56 IST" name="Default suite" finished-at="2023-02-10T10:24:59 IST" duration-ms="2925">
    <groups>
    </groups>
    <test started-at="2023-02-10T10:24:56 IST" name="Default test" finished-at="2023-02-10T10:24:59 IST" duration-ms="2925">
      <class name="rest_assured.GetRequest">
        <test-method signature="getRequestExample2()[pri:0, instance:rest_assured.GetRequest@6950ed69]" started-at="2023-02-10T10:24:56 IST" name="getRequestExample2" finished-at="2023-02-10T10:24:58 IST" duration-ms="2777" status="PASS">
          <reporter-output>
          </reporter-output>
        </test-method> <!-- getRequestExample2 -->
      </class> <!-- rest_assured.GetRequest -->
    </test> <!-- Default test -->
  </suite> <!-- Default suite -->
</testng-results>
